{"/Users/chenyuwen/learnings/labs/my-mf-example/scripts/babel-plugins/babel-plugin-singleton-search.js": {"path":"/Users/chenyuwen/learnings/labs/my-mf-example/scripts/babel-plugins/babel-plugin-singleton-search.js","statementMap":{"0":{"start":{"line":1,"column":11},"end":{"line":1,"column":24}},"1":{"start":{"line":2,"column":13},"end":{"line":2,"column":28}},"2":{"start":{"line":3,"column":16},"end":{"line":3,"column":34}},"3":{"start":{"line":5,"column":18},"end":{"line":5,"column":29}},"4":{"start":{"line":6,"column":36},"end":{"line":6,"column":65}},"5":{"start":{"line":8,"column":12},"end":{"line":8,"column":52}},"6":{"start":{"line":10,"column":20},"end":{"line":10,"column":50}},"7":{"start":{"line":12,"column":0},"end":{"line":111,"column":2}},"8":{"start":{"line":13,"column":18},"end":{"line":13,"column":27}},"9":{"start":{"line":16,"column":24},"end":{"line":19,"column":3}},"10":{"start":{"line":22,"column":22},"end":{"line":22,"column":38}},"11":{"start":{"line":23,"column":23},"end":{"line":23,"column":43}},"12":{"start":{"line":24,"column":20},"end":{"line":24,"column":28}},"13":{"start":{"line":25,"column":4},"end":{"line":51,"column":5}},"14":{"start":{"line":26,"column":6},"end":{"line":50,"column":9}},"15":{"start":{"line":27,"column":8},"end":{"line":49,"column":9}},"16":{"start":{"line":29,"column":22},"end":{"line":29,"column":55}},"17":{"start":{"line":30,"column":10},"end":{"line":37,"column":11}},"18":{"start":{"line":31,"column":12},"end":{"line":36,"column":15}},"19":{"start":{"line":38,"column":15},"end":{"line":49,"column":9}},"20":{"start":{"line":43,"column":10},"end":{"line":48,"column":11}},"21":{"start":{"line":44,"column":12},"end":{"line":47,"column":15}},"22":{"start":{"line":55,"column":4},"end":{"line":55,"column":36}},"23":{"start":{"line":59,"column":4},"end":{"line":59,"column":75}},"24":{"start":{"line":59,"column":43},"end":{"line":59,"column":75}},"25":{"start":{"line":60,"column":4},"end":{"line":65,"column":5}},"26":{"start":{"line":61,"column":23},"end":{"line":61,"column":65}},"27":{"start":{"line":62,"column":6},"end":{"line":64,"column":7}},"28":{"start":{"line":63,"column":8},"end":{"line":63,"column":77}},"29":{"start":{"line":68,"column":2},"end":{"line":110,"column":4}},"30":{"start":{"line":73,"column":10},"end":{"line":82,"column":11}},"31":{"start":{"line":74,"column":12},"end":{"line":77,"column":13}},"32":{"start":{"line":75,"column":14},"end":{"line":75,"column":41}},"33":{"start":{"line":76,"column":14},"end":{"line":76,"column":76}},"34":{"start":{"line":78,"column":12},"end":{"line":78,"column":26}},"35":{"start":{"line":81,"column":12},"end":{"line":81,"column":45}},"36":{"start":{"line":87,"column":10},"end":{"line":94,"column":11}},"37":{"start":{"line":88,"column":12},"end":{"line":90,"column":15}},"38":{"start":{"line":89,"column":14},"end":{"line":89,"column":34}},"39":{"start":{"line":93,"column":12},"end":{"line":93,"column":45}},"40":{"start":{"line":99,"column":6},"end":{"line":108,"column":7}},"41":{"start":{"line":100,"column":21},"end":{"line":100,"column":50}},"42":{"start":{"line":101,"column":8},"end":{"line":104,"column":10}},"43":{"start":{"line":107,"column":8},"end":{"line":107,"column":38}}},"fnMap":{"0":{"name":"singletonSearch","decl":{"start":{"line":12,"column":26},"end":{"line":12,"column":41}},"loc":{"start":{"line":12,"column":53},"end":{"line":111,"column":1}},"line":12},"1":{"name":"matching","decl":{"start":{"line":21,"column":11},"end":{"line":21,"column":19}},"loc":{"start":{"line":21,"column":31},"end":{"line":52,"column":3}},"line":21},"2":{"name":"(anonymous_2)","decl":{"start":{"line":26,"column":21},"end":{"line":26,"column":22}},"loc":{"start":{"line":26,"column":31},"end":{"line":50,"column":7}},"line":26},"3":{"name":"getKey","decl":{"start":{"line":54,"column":11},"end":{"line":54,"column":17}},"loc":{"start":{"line":54,"column":37},"end":{"line":56,"column":3}},"line":54},"4":{"name":"prepareFile","decl":{"start":{"line":58,"column":11},"end":{"line":58,"column":22}},"loc":{"start":{"line":58,"column":25},"end":{"line":66,"column":3}},"line":58},"5":{"name":"(anonymous_5)","decl":{"start":{"line":72,"column":8},"end":{"line":72,"column":9}},"loc":{"start":{"line":72,"column":39},"end":{"line":83,"column":9}},"line":72},"6":{"name":"(anonymous_6)","decl":{"start":{"line":86,"column":8},"end":{"line":86,"column":9}},"loc":{"start":{"line":86,"column":39},"end":{"line":95,"column":9}},"line":86},"7":{"name":"(anonymous_7)","decl":{"start":{"line":88,"column":25},"end":{"line":88,"column":26}},"loc":{"start":{"line":88,"column":34},"end":{"line":90,"column":13}},"line":88},"8":{"name":"(anonymous_8)","decl":{"start":{"line":98,"column":4},"end":{"line":98,"column":5}},"loc":{"start":{"line":98,"column":11},"end":{"line":109,"column":5}},"line":98}},"branchMap":{"0":{"loc":{"start":{"line":25,"column":4},"end":{"line":51,"column":5}},"type":"if","locations":[{"start":{"line":25,"column":4},"end":{"line":51,"column":5}},{"start":{},"end":{}}],"line":25},"1":{"loc":{"start":{"line":27,"column":8},"end":{"line":49,"column":9}},"type":"if","locations":[{"start":{"line":27,"column":8},"end":{"line":49,"column":9}},{"start":{"line":38,"column":15},"end":{"line":49,"column":9}}],"line":27},"2":{"loc":{"start":{"line":30,"column":10},"end":{"line":37,"column":11}},"type":"if","locations":[{"start":{"line":30,"column":10},"end":{"line":37,"column":11}},{"start":{},"end":{}}],"line":30},"3":{"loc":{"start":{"line":38,"column":15},"end":{"line":49,"column":9}},"type":"if","locations":[{"start":{"line":38,"column":15},"end":{"line":49,"column":9}},{"start":{},"end":{}}],"line":38},"4":{"loc":{"start":{"line":39,"column":10},"end":{"line":40,"column":48}},"type":"binary-expr","locations":[{"start":{"line":39,"column":10},"end":{"line":39,"column":46}},{"start":{"line":40,"column":10},"end":{"line":40,"column":48}}],"line":39},"5":{"loc":{"start":{"line":43,"column":10},"end":{"line":48,"column":11}},"type":"if","locations":[{"start":{"line":43,"column":10},"end":{"line":48,"column":11}},{"start":{},"end":{}}],"line":43},"6":{"loc":{"start":{"line":59,"column":4},"end":{"line":59,"column":75}},"type":"if","locations":[{"start":{"line":59,"column":4},"end":{"line":59,"column":75}},{"start":{},"end":{}}],"line":59},"7":{"loc":{"start":{"line":60,"column":4},"end":{"line":65,"column":5}},"type":"if","locations":[{"start":{"line":60,"column":4},"end":{"line":65,"column":5}},{"start":{},"end":{}}],"line":60},"8":{"loc":{"start":{"line":62,"column":6},"end":{"line":64,"column":7}},"type":"if","locations":[{"start":{"line":62,"column":6},"end":{"line":64,"column":7}},{"start":{},"end":{}}],"line":62},"9":{"loc":{"start":{"line":74,"column":12},"end":{"line":77,"column":13}},"type":"if","locations":[{"start":{"line":74,"column":12},"end":{"line":77,"column":13}},{"start":{},"end":{}}],"line":74},"10":{"loc":{"start":{"line":87,"column":10},"end":{"line":94,"column":11}},"type":"if","locations":[{"start":{"line":87,"column":10},"end":{"line":94,"column":11}},{"start":{"line":91,"column":17},"end":{"line":94,"column":11}}],"line":87}},"s":{"0":1,"1":1,"2":1,"3":1,"4":1,"5":1,"6":1,"7":1,"8":8,"9":8,"10":6,"11":6,"12":6,"13":6,"14":6,"15":6,"16":4,"17":4,"18":4,"19":2,"20":2,"21":1,"22":4,"23":8,"24":2,"25":8,"26":4,"27":4,"28":4,"29":8,"30":8,"31":8,"32":7,"33":7,"34":8,"35":1,"36":7,"37":6,"38":6,"39":1,"40":6,"41":6,"42":6,"43":1},"f":{"0":8,"1":6,"2":6,"3":4,"4":8,"5":8,"6":7,"7":6,"8":6},"b":{"0":[6,0],"1":[4,2],"2":[4,0],"3":[2,0],"4":[2,1],"5":[1,1],"6":[2,6],"7":[4,4],"8":[4,0],"9":[7,1],"10":[6,1]},"_coverageSchema":"1a1c01bbd47fc00a2c39e90264f33305004495a9","hash":"1989b5450dc9d4f34406e64db8d94e45a4a1ada8"}
}
