{"/Users/chenyuwen/learnings/labs/my-mf-example/scripts/babel-plugins/babel-plugin-singleton-search.js": {"path":"/Users/chenyuwen/learnings/labs/my-mf-example/scripts/babel-plugins/babel-plugin-singleton-search.js","statementMap":{"0":{"start":{"line":1,"column":11},"end":{"line":1,"column":24}},"1":{"start":{"line":2,"column":13},"end":{"line":2,"column":28}},"2":{"start":{"line":3,"column":16},"end":{"line":3,"column":34}},"3":{"start":{"line":5,"column":18},"end":{"line":5,"column":29}},"4":{"start":{"line":6,"column":36},"end":{"line":6,"column":65}},"5":{"start":{"line":8,"column":12},"end":{"line":8,"column":52}},"6":{"start":{"line":10,"column":20},"end":{"line":10,"column":50}},"7":{"start":{"line":12,"column":0},"end":{"line":105,"column":2}},"8":{"start":{"line":13,"column":18},"end":{"line":13,"column":27}},"9":{"start":{"line":16,"column":24},"end":{"line":19,"column":3}},"10":{"start":{"line":22,"column":22},"end":{"line":22,"column":38}},"11":{"start":{"line":23,"column":23},"end":{"line":23,"column":43}},"12":{"start":{"line":24,"column":20},"end":{"line":24,"column":28}},"13":{"start":{"line":25,"column":4},"end":{"line":48,"column":5}},"14":{"start":{"line":26,"column":6},"end":{"line":47,"column":9}},"15":{"start":{"line":27,"column":8},"end":{"line":46,"column":9}},"16":{"start":{"line":29,"column":22},"end":{"line":29,"column":55}},"17":{"start":{"line":30,"column":10},"end":{"line":37,"column":11}},"18":{"start":{"line":31,"column":12},"end":{"line":36,"column":15}},"19":{"start":{"line":38,"column":15},"end":{"line":46,"column":9}},"20":{"start":{"line":40,"column":10},"end":{"line":45,"column":11}},"21":{"start":{"line":41,"column":12},"end":{"line":44,"column":15}},"22":{"start":{"line":52,"column":4},"end":{"line":52,"column":36}},"23":{"start":{"line":56,"column":4},"end":{"line":56,"column":75}},"24":{"start":{"line":56,"column":43},"end":{"line":56,"column":75}},"25":{"start":{"line":57,"column":4},"end":{"line":62,"column":5}},"26":{"start":{"line":58,"column":23},"end":{"line":58,"column":65}},"27":{"start":{"line":59,"column":6},"end":{"line":61,"column":7}},"28":{"start":{"line":60,"column":8},"end":{"line":60,"column":77}},"29":{"start":{"line":65,"column":2},"end":{"line":104,"column":4}},"30":{"start":{"line":70,"column":10},"end":{"line":79,"column":11}},"31":{"start":{"line":71,"column":12},"end":{"line":74,"column":13}},"32":{"start":{"line":72,"column":14},"end":{"line":72,"column":41}},"33":{"start":{"line":73,"column":14},"end":{"line":73,"column":76}},"34":{"start":{"line":75,"column":12},"end":{"line":75,"column":26}},"35":{"start":{"line":78,"column":12},"end":{"line":78,"column":45}},"36":{"start":{"line":84,"column":10},"end":{"line":91,"column":11}},"37":{"start":{"line":85,"column":12},"end":{"line":87,"column":15}},"38":{"start":{"line":86,"column":14},"end":{"line":86,"column":34}},"39":{"start":{"line":90,"column":12},"end":{"line":90,"column":45}},"40":{"start":{"line":96,"column":6},"end":{"line":102,"column":7}},"41":{"start":{"line":97,"column":21},"end":{"line":97,"column":50}},"42":{"start":{"line":98,"column":8},"end":{"line":98,"column":83}},"43":{"start":{"line":101,"column":8},"end":{"line":101,"column":38}}},"fnMap":{"0":{"name":"singletonSearch","decl":{"start":{"line":12,"column":26},"end":{"line":12,"column":41}},"loc":{"start":{"line":12,"column":53},"end":{"line":105,"column":1}},"line":12},"1":{"name":"matching","decl":{"start":{"line":21,"column":11},"end":{"line":21,"column":19}},"loc":{"start":{"line":21,"column":31},"end":{"line":49,"column":3}},"line":21},"2":{"name":"(anonymous_2)","decl":{"start":{"line":26,"column":21},"end":{"line":26,"column":22}},"loc":{"start":{"line":26,"column":31},"end":{"line":47,"column":7}},"line":26},"3":{"name":"getKey","decl":{"start":{"line":51,"column":11},"end":{"line":51,"column":17}},"loc":{"start":{"line":51,"column":37},"end":{"line":53,"column":3}},"line":51},"4":{"name":"prepareFile","decl":{"start":{"line":55,"column":11},"end":{"line":55,"column":22}},"loc":{"start":{"line":55,"column":25},"end":{"line":63,"column":3}},"line":55},"5":{"name":"(anonymous_5)","decl":{"start":{"line":69,"column":8},"end":{"line":69,"column":9}},"loc":{"start":{"line":69,"column":39},"end":{"line":80,"column":9}},"line":69},"6":{"name":"(anonymous_6)","decl":{"start":{"line":83,"column":8},"end":{"line":83,"column":9}},"loc":{"start":{"line":83,"column":39},"end":{"line":92,"column":9}},"line":83},"7":{"name":"(anonymous_7)","decl":{"start":{"line":85,"column":25},"end":{"line":85,"column":26}},"loc":{"start":{"line":85,"column":34},"end":{"line":87,"column":13}},"line":85},"8":{"name":"(anonymous_8)","decl":{"start":{"line":95,"column":4},"end":{"line":95,"column":5}},"loc":{"start":{"line":95,"column":11},"end":{"line":103,"column":5}},"line":95}},"branchMap":{"0":{"loc":{"start":{"line":25,"column":4},"end":{"line":48,"column":5}},"type":"if","locations":[{"start":{"line":25,"column":4},"end":{"line":48,"column":5}},{"start":{},"end":{}}],"line":25},"1":{"loc":{"start":{"line":27,"column":8},"end":{"line":46,"column":9}},"type":"if","locations":[{"start":{"line":27,"column":8},"end":{"line":46,"column":9}},{"start":{"line":38,"column":15},"end":{"line":46,"column":9}}],"line":27},"2":{"loc":{"start":{"line":30,"column":10},"end":{"line":37,"column":11}},"type":"if","locations":[{"start":{"line":30,"column":10},"end":{"line":37,"column":11}},{"start":{},"end":{}}],"line":30},"3":{"loc":{"start":{"line":38,"column":15},"end":{"line":46,"column":9}},"type":"if","locations":[{"start":{"line":38,"column":15},"end":{"line":46,"column":9}},{"start":{},"end":{}}],"line":38},"4":{"loc":{"start":{"line":38,"column":19},"end":{"line":38,"column":97}},"type":"binary-expr","locations":[{"start":{"line":38,"column":19},"end":{"line":38,"column":55}},{"start":{"line":38,"column":59},"end":{"line":38,"column":97}}],"line":38},"5":{"loc":{"start":{"line":40,"column":10},"end":{"line":45,"column":11}},"type":"if","locations":[{"start":{"line":40,"column":10},"end":{"line":45,"column":11}},{"start":{},"end":{}}],"line":40},"6":{"loc":{"start":{"line":56,"column":4},"end":{"line":56,"column":75}},"type":"if","locations":[{"start":{"line":56,"column":4},"end":{"line":56,"column":75}},{"start":{},"end":{}}],"line":56},"7":{"loc":{"start":{"line":57,"column":4},"end":{"line":62,"column":5}},"type":"if","locations":[{"start":{"line":57,"column":4},"end":{"line":62,"column":5}},{"start":{},"end":{}}],"line":57},"8":{"loc":{"start":{"line":59,"column":6},"end":{"line":61,"column":7}},"type":"if","locations":[{"start":{"line":59,"column":6},"end":{"line":61,"column":7}},{"start":{},"end":{}}],"line":59},"9":{"loc":{"start":{"line":71,"column":12},"end":{"line":74,"column":13}},"type":"if","locations":[{"start":{"line":71,"column":12},"end":{"line":74,"column":13}},{"start":{},"end":{}}],"line":71},"10":{"loc":{"start":{"line":84,"column":10},"end":{"line":91,"column":11}},"type":"if","locations":[{"start":{"line":84,"column":10},"end":{"line":91,"column":11}},{"start":{"line":88,"column":17},"end":{"line":91,"column":11}}],"line":84}},"s":{"0":1,"1":1,"2":1,"3":1,"4":1,"5":1,"6":1,"7":1,"8":8,"9":8,"10":6,"11":6,"12":6,"13":6,"14":6,"15":6,"16":4,"17":4,"18":4,"19":2,"20":2,"21":1,"22":4,"23":8,"24":2,"25":8,"26":4,"27":4,"28":4,"29":8,"30":8,"31":8,"32":7,"33":7,"34":8,"35":1,"36":7,"37":6,"38":6,"39":1,"40":6,"41":6,"42":6,"43":1},"f":{"0":8,"1":6,"2":6,"3":4,"4":8,"5":8,"6":7,"7":6,"8":6},"b":{"0":[6,0],"1":[4,2],"2":[4,0],"3":[2,0],"4":[2,1],"5":[1,1],"6":[2,6],"7":[4,4],"8":[4,0],"9":[7,1],"10":[6,1]},"_coverageSchema":"1a1c01bbd47fc00a2c39e90264f33305004495a9","hash":"a8fd389a74b48863cb9af828cb190ade9fe4c807"}
,"/Users/chenyuwen/learnings/labs/my-mf-example/scripts/babel-plugins/babel-plugin-import/Plugin.js": {"path":"/Users/chenyuwen/learnings/labs/my-mf-example/scripts/babel-plugins/babel-plugin-import/Plugin.js","statementMap":{"0":{"start":{"line":1,"column":15},"end":{"line":1,"column":30}},"1":{"start":{"line":6,"column":4},"end":{"line":6,"column":43}},"2":{"start":{"line":9,"column":14},"end":{"line":9,"column":52}},"3":{"start":{"line":10,"column":2},"end":{"line":10,"column":70}},"4":{"start":{"line":10,"column":39},"end":{"line":10,"column":69}},"5":{"start":{"line":14,"column":2},"end":{"line":14,"column":33}},"6":{"start":{"line":19,"column":2},"end":{"line":24,"column":3}},"7":{"start":{"line":20,"column":30},"end":{"line":20,"column":55}},"8":{"start":{"line":21,"column":4},"end":{"line":23,"column":33}},"9":{"start":{"line":26,"column":2},"end":{"line":26,"column":25}},"10":{"start":{"line":30,"column":15},"end":{"line":30,"column":75}},"11":{"start":{"line":31,"column":2},"end":{"line":31,"column":13}},"12":{"start":{"line":34,"column":0},"end":{"line":417,"column":1}},"13":{"start":{"line":50,"column":4},"end":{"line":50,"column":34}},"14":{"start":{"line":51,"column":4},"end":{"line":52,"column":72}},"15":{"start":{"line":53,"column":4},"end":{"line":56,"column":33}},"16":{"start":{"line":57,"column":4},"end":{"line":57,"column":68}},"17":{"start":{"line":58,"column":4},"end":{"line":58,"column":31}},"18":{"start":{"line":59,"column":4},"end":{"line":59,"column":54}},"19":{"start":{"line":60,"column":4},"end":{"line":60,"column":63}},"20":{"start":{"line":61,"column":4},"end":{"line":61,"column":34}},"21":{"start":{"line":62,"column":4},"end":{"line":62,"column":53}},"22":{"start":{"line":63,"column":4},"end":{"line":66,"column":34}},"23":{"start":{"line":67,"column":4},"end":{"line":67,"column":22}},"24":{"start":{"line":68,"column":4},"end":{"line":68,"column":53}},"25":{"start":{"line":69,"column":4},"end":{"line":69,"column":40}},"26":{"start":{"line":73,"column":4},"end":{"line":75,"column":5}},"27":{"start":{"line":74,"column":6},"end":{"line":74,"column":37}},"28":{"start":{"line":76,"column":4},"end":{"line":76,"column":37}},"29":{"start":{"line":80,"column":4},"end":{"line":148,"column":5}},"30":{"start":{"line":81,"column":40},"end":{"line":81,"column":44}},"31":{"start":{"line":82,"column":36},"end":{"line":86,"column":20}},"32":{"start":{"line":88,"column":17},"end":{"line":88,"column":19}},"33":{"start":{"line":89,"column":37},"end":{"line":89,"column":66}},"34":{"start":{"line":91,"column":6},"end":{"line":106,"column":7}},"35":{"start":{"line":92,"column":23},"end":{"line":92,"column":67}},"36":{"start":{"line":93,"column":8},"end":{"line":95,"column":9}},"37":{"start":{"line":94,"column":10},"end":{"line":94,"column":68}},"38":{"start":{"line":96,"column":8},"end":{"line":96,"column":35}},"39":{"start":{"line":98,"column":8},"end":{"line":105,"column":9}},"40":{"start":{"line":108,"column":6},"end":{"line":121,"column":7}},"41":{"start":{"line":110,"column":8},"end":{"line":112,"column":10}},"42":{"start":{"line":115,"column":8},"end":{"line":120,"column":9}},"43":{"start":{"line":123,"column":6},"end":{"line":147,"column":7}},"44":{"start":{"line":124,"column":26},"end":{"line":126,"column":9}},"45":{"start":{"line":127,"column":8},"end":{"line":127,"column":48}},"46":{"start":{"line":128,"column":13},"end":{"line":147,"column":7}},"47":{"start":{"line":129,"column":26},"end":{"line":136,"column":9}},"48":{"start":{"line":137,"column":8},"end":{"line":137,"column":48}},"49":{"start":{"line":138,"column":13},"end":{"line":147,"column":7}},"50":{"start":{"line":139,"column":8},"end":{"line":139,"column":49}},"51":{"start":{"line":140,"column":13},"end":{"line":147,"column":7}},"52":{"start":{"line":141,"column":8},"end":{"line":141,"column":53}},"53":{"start":{"line":142,"column":13},"end":{"line":147,"column":7}},"54":{"start":{"line":143,"column":26},"end":{"line":143,"column":43}},"55":{"start":{"line":144,"column":8},"end":{"line":146,"column":9}},"56":{"start":{"line":145,"column":10},"end":{"line":145,"column":45}},"57":{"start":{"line":150,"column":4},"end":{"line":150,"column":55}},"58":{"start":{"line":154,"column":17},"end":{"line":154,"column":37}},"59":{"start":{"line":155,"column":20},"end":{"line":155,"column":24}},"60":{"start":{"line":156,"column":24},"end":{"line":156,"column":50}},"61":{"start":{"line":157,"column":23},"end":{"line":157,"column":25}},"62":{"start":{"line":158,"column":4},"end":{"line":174,"column":6}},"63":{"start":{"line":159,"column":6},"end":{"line":159,"column":49}},"64":{"start":{"line":159,"column":43},"end":{"line":159,"column":49}},"65":{"start":{"line":160,"column":6},"end":{"line":173,"column":7}},"66":{"start":{"line":164,"column":23},"end":{"line":168,"column":9}},"67":{"start":{"line":169,"column":8},"end":{"line":172,"column":9}},"68":{"start":{"line":170,"column":10},"end":{"line":170,"column":29}},"69":{"start":{"line":171,"column":10},"end":{"line":171,"column":33}},"70":{"start":{"line":175,"column":4},"end":{"line":175,"column":21}},"71":{"start":{"line":179,"column":17},"end":{"line":179,"column":37}},"72":{"start":{"line":180,"column":20},"end":{"line":180,"column":24}},"73":{"start":{"line":181,"column":24},"end":{"line":181,"column":50}},"74":{"start":{"line":183,"column":23},"end":{"line":186,"column":76}},"75":{"start":{"line":184,"column":6},"end":{"line":186,"column":76}},"76":{"start":{"line":188,"column":4},"end":{"line":210,"column":5}},"77":{"start":{"line":189,"column":21},"end":{"line":193,"column":7}},"78":{"start":{"line":194,"column":6},"end":{"line":196,"column":7}},"79":{"start":{"line":195,"column":8},"end":{"line":195,"column":27}},"80":{"start":{"line":197,"column":11},"end":{"line":210,"column":5}},"81":{"start":{"line":198,"column":6},"end":{"line":209,"column":8}},"82":{"start":{"line":199,"column":8},"end":{"line":208,"column":9}},"83":{"start":{"line":200,"column":25},"end":{"line":204,"column":11}},"84":{"start":{"line":205,"column":10},"end":{"line":207,"column":11}},"85":{"start":{"line":206,"column":12},"end":{"line":206,"column":50}},"86":{"start":{"line":214,"column":24},"end":{"line":214,"column":50}},"87":{"start":{"line":215,"column":4},"end":{"line":215,"column":47}},"88":{"start":{"line":216,"column":4},"end":{"line":216,"column":49}},"89":{"start":{"line":217,"column":4},"end":{"line":217,"column":53}},"90":{"start":{"line":218,"column":4},"end":{"line":218,"column":34}},"91":{"start":{"line":222,"column":4},"end":{"line":224,"column":6}},"92":{"start":{"line":223,"column":6},"end":{"line":223,"column":30}},"93":{"start":{"line":228,"column":19},"end":{"line":228,"column":23}},"94":{"start":{"line":231,"column":4},"end":{"line":231,"column":21}},"95":{"start":{"line":231,"column":15},"end":{"line":231,"column":21}},"96":{"start":{"line":233,"column":20},"end":{"line":233,"column":31}},"97":{"start":{"line":234,"column":26},"end":{"line":234,"column":30}},"98":{"start":{"line":235,"column":20},"end":{"line":235,"column":24}},"99":{"start":{"line":236,"column":24},"end":{"line":236,"column":50}},"100":{"start":{"line":241,"column":4},"end":{"line":251,"column":5}},"101":{"start":{"line":242,"column":6},"end":{"line":248,"column":8}},"102":{"start":{"line":243,"column":8},"end":{"line":247,"column":9}},"103":{"start":{"line":244,"column":10},"end":{"line":244,"column":69}},"104":{"start":{"line":246,"column":10},"end":{"line":246,"column":57}},"105":{"start":{"line":250,"column":6},"end":{"line":250,"column":42}},"106":{"start":{"line":255,"column":19},"end":{"line":255,"column":23}},"107":{"start":{"line":256,"column":17},"end":{"line":256,"column":37}},"108":{"start":{"line":257,"column":19},"end":{"line":257,"column":30}},"109":{"start":{"line":258,"column":20},"end":{"line":258,"column":24}},"110":{"start":{"line":259,"column":24},"end":{"line":259,"column":50}},"111":{"start":{"line":261,"column":4},"end":{"line":272,"column":5}},"112":{"start":{"line":262,"column":6},"end":{"line":271,"column":7}},"113":{"start":{"line":263,"column":23},"end":{"line":267,"column":9}},"114":{"start":{"line":268,"column":8},"end":{"line":270,"column":9}},"115":{"start":{"line":269,"column":10},"end":{"line":269,"column":30}},"116":{"start":{"line":274,"column":4},"end":{"line":289,"column":6}},"117":{"start":{"line":275,"column":30},"end":{"line":275,"column":33}},"118":{"start":{"line":276,"column":6},"end":{"line":287,"column":7}},"119":{"start":{"line":281,"column":23},"end":{"line":285,"column":9}},"120":{"start":{"line":286,"column":8},"end":{"line":286,"column":36}},"121":{"start":{"line":288,"column":6},"end":{"line":288,"column":16}},"122":{"start":{"line":293,"column":19},"end":{"line":293,"column":23}},"123":{"start":{"line":294,"column":17},"end":{"line":294,"column":37}},"124":{"start":{"line":295,"column":24},"end":{"line":295,"column":50}},"125":{"start":{"line":298,"column":4},"end":{"line":298,"column":49}},"126":{"start":{"line":298,"column":43},"end":{"line":298,"column":49}},"127":{"start":{"line":300,"column":4},"end":{"line":319,"column":5}},"128":{"start":{"line":302,"column":6},"end":{"line":302,"column":80}},"129":{"start":{"line":303,"column":11},"end":{"line":319,"column":5}},"130":{"start":{"line":307,"column":22},"end":{"line":307,"column":61}},"131":{"start":{"line":309,"column":6},"end":{"line":318,"column":7}},"132":{"start":{"line":310,"column":23},"end":{"line":314,"column":9}},"133":{"start":{"line":315,"column":8},"end":{"line":317,"column":9}},"134":{"start":{"line":316,"column":10},"end":{"line":316,"column":30}},"135":{"start":{"line":323,"column":19},"end":{"line":323,"column":23}},"136":{"start":{"line":324,"column":4},"end":{"line":324,"column":59}},"137":{"start":{"line":328,"column":19},"end":{"line":328,"column":23}},"138":{"start":{"line":329,"column":4},"end":{"line":329,"column":58}},"139":{"start":{"line":333,"column":19},"end":{"line":333,"column":23}},"140":{"start":{"line":334,"column":18},"end":{"line":334,"column":56}},"141":{"start":{"line":334,"column":50},"end":{"line":334,"column":55}},"142":{"start":{"line":335,"column":4},"end":{"line":335,"column":66}},"143":{"start":{"line":339,"column":19},"end":{"line":339,"column":23}},"144":{"start":{"line":340,"column":4},"end":{"line":340,"column":69}},"145":{"start":{"line":344,"column":19},"end":{"line":344,"column":23}},"146":{"start":{"line":345,"column":4},"end":{"line":350,"column":5}},"147":{"start":{"line":354,"column":19},"end":{"line":354,"column":23}},"148":{"start":{"line":355,"column":4},"end":{"line":355,"column":60}},"149":{"start":{"line":356,"column":4},"end":{"line":356,"column":74}},"150":{"start":{"line":360,"column":19},"end":{"line":360,"column":23}},"151":{"start":{"line":361,"column":20},"end":{"line":361,"column":24}},"152":{"start":{"line":362,"column":4},"end":{"line":364,"column":5}},"153":{"start":{"line":363,"column":6},"end":{"line":363,"column":74}},"154":{"start":{"line":368,"column":19},"end":{"line":368,"column":23}},"155":{"start":{"line":369,"column":4},"end":{"line":369,"column":64}},"156":{"start":{"line":373,"column":19},"end":{"line":373,"column":23}},"157":{"start":{"line":374,"column":23},"end":{"line":379,"column":5}},"158":{"start":{"line":380,"column":17},"end":{"line":380,"column":40}},"159":{"start":{"line":384,"column":4},"end":{"line":387,"column":5}},"160":{"start":{"line":385,"column":19},"end":{"line":385,"column":39}},"161":{"start":{"line":386,"column":6},"end":{"line":386,"column":61}},"162":{"start":{"line":391,"column":19},"end":{"line":391,"column":23}},"163":{"start":{"line":392,"column":4},"end":{"line":392,"column":69}},"164":{"start":{"line":396,"column":19},"end":{"line":396,"column":23}},"165":{"start":{"line":397,"column":4},"end":{"line":397,"column":62}},"166":{"start":{"line":399,"column":27},"end":{"line":399,"column":66}},"167":{"start":{"line":399,"column":60},"end":{"line":399,"column":65}},"168":{"start":{"line":400,"column":4},"end":{"line":400,"column":76}},"169":{"start":{"line":404,"column":19},"end":{"line":404,"column":23}},"170":{"start":{"line":405,"column":4},"end":{"line":405,"column":68}},"171":{"start":{"line":409,"column":19},"end":{"line":409,"column":23}},"172":{"start":{"line":410,"column":4},"end":{"line":410,"column":60}},"173":{"start":{"line":414,"column":19},"end":{"line":414,"column":23}},"174":{"start":{"line":415,"column":4},"end":{"line":415,"column":66}}},"fnMap":{"0":{"name":"transCamel","decl":{"start":{"line":8,"column":9},"end":{"line":8,"column":19}},"loc":{"start":{"line":8,"column":34},"end":{"line":11,"column":1}},"line":8},"1":{"name":"(anonymous_1)","decl":{"start":{"line":10,"column":33},"end":{"line":10,"column":34}},"loc":{"start":{"line":10,"column":39},"end":{"line":10,"column":69}},"line":10},"2":{"name":"winPath","decl":{"start":{"line":13,"column":9},"end":{"line":13,"column":16}},"loc":{"start":{"line":13,"column":23},"end":{"line":15,"column":1}},"line":13},"3":{"name":"normalizeCustomName","decl":{"start":{"line":17,"column":9},"end":{"line":17,"column":28}},"loc":{"start":{"line":17,"column":47},"end":{"line":27,"column":1}},"line":17},"4":{"name":"getFile","decl":{"start":{"line":29,"column":9},"end":{"line":29,"column":16}},"loc":{"start":{"line":29,"column":30},"end":{"line":32,"column":1}},"line":29},"5":{"name":"(anonymous_5)","decl":{"start":{"line":35,"column":2},"end":{"line":35,"column":3}},"loc":{"start":{"line":49,"column":4},"end":{"line":70,"column":3}},"line":49},"6":{"name":"(anonymous_6)","decl":{"start":{"line":72,"column":2},"end":{"line":72,"column":3}},"loc":{"start":{"line":72,"column":24},"end":{"line":77,"column":3}},"line":72},"7":{"name":"(anonymous_7)","decl":{"start":{"line":79,"column":2},"end":{"line":79,"column":3}},"loc":{"start":{"line":79,"column":46},"end":{"line":151,"column":3}},"line":79},"8":{"name":"(anonymous_8)","decl":{"start":{"line":153,"column":2},"end":{"line":153,"column":3}},"loc":{"start":{"line":153,"column":51},"end":{"line":176,"column":3}},"line":153},"9":{"name":"(anonymous_9)","decl":{"start":{"line":158,"column":18},"end":{"line":158,"column":19}},"loc":{"start":{"line":158,"column":26},"end":{"line":174,"column":5}},"line":158},"10":{"name":"(anonymous_10)","decl":{"start":{"line":178,"column":2},"end":{"line":178,"column":3}},"loc":{"start":{"line":178,"column":50},"end":{"line":211,"column":3}},"line":178},"11":{"name":"(anonymous_11)","decl":{"start":{"line":183,"column":23},"end":{"line":183,"column":24}},"loc":{"start":{"line":184,"column":6},"end":{"line":186,"column":76}},"line":184},"12":{"name":"(anonymous_12)","decl":{"start":{"line":198,"column":37},"end":{"line":198,"column":38}},"loc":{"start":{"line":198,"column":64},"end":{"line":209,"column":7}},"line":198},"13":{"name":"(anonymous_13)","decl":{"start":{"line":213,"column":2},"end":{"line":213,"column":3}},"loc":{"start":{"line":213,"column":28},"end":{"line":219,"column":3}},"line":213},"14":{"name":"(anonymous_14)","decl":{"start":{"line":221,"column":2},"end":{"line":221,"column":3}},"loc":{"start":{"line":221,"column":27},"end":{"line":225,"column":3}},"line":221},"15":{"name":"(anonymous_15)","decl":{"start":{"line":222,"column":53},"end":{"line":222,"column":54}},"loc":{"start":{"line":222,"column":58},"end":{"line":224,"column":5}},"line":222},"16":{"name":"(anonymous_16)","decl":{"start":{"line":227,"column":2},"end":{"line":227,"column":3}},"loc":{"start":{"line":227,"column":33},"end":{"line":252,"column":3}},"line":227},"17":{"name":"(anonymous_17)","decl":{"start":{"line":242,"column":30},"end":{"line":242,"column":31}},"loc":{"start":{"line":242,"column":38},"end":{"line":248,"column":7}},"line":242},"18":{"name":"(anonymous_18)","decl":{"start":{"line":254,"column":2},"end":{"line":254,"column":3}},"loc":{"start":{"line":254,"column":30},"end":{"line":290,"column":3}},"line":254},"19":{"name":"(anonymous_19)","decl":{"start":{"line":274,"column":40},"end":{"line":274,"column":41}},"loc":{"start":{"line":274,"column":47},"end":{"line":289,"column":5}},"line":274},"20":{"name":"(anonymous_20)","decl":{"start":{"line":292,"column":2},"end":{"line":292,"column":3}},"loc":{"start":{"line":292,"column":32},"end":{"line":320,"column":3}},"line":292},"21":{"name":"(anonymous_21)","decl":{"start":{"line":322,"column":2},"end":{"line":322,"column":3}},"loc":{"start":{"line":322,"column":24},"end":{"line":325,"column":3}},"line":322},"22":{"name":"(anonymous_22)","decl":{"start":{"line":327,"column":2},"end":{"line":327,"column":3}},"loc":{"start":{"line":327,"column":34},"end":{"line":330,"column":3}},"line":327},"23":{"name":"(anonymous_23)","decl":{"start":{"line":332,"column":2},"end":{"line":332,"column":3}},"loc":{"start":{"line":332,"column":31},"end":{"line":336,"column":3}},"line":332},"24":{"name":"(anonymous_24)","decl":{"start":{"line":334,"column":36},"end":{"line":334,"column":37}},"loc":{"start":{"line":334,"column":50},"end":{"line":334,"column":55}},"line":334},"25":{"name":"(anonymous_25)","decl":{"start":{"line":338,"column":2},"end":{"line":338,"column":3}},"loc":{"start":{"line":338,"column":33},"end":{"line":341,"column":3}},"line":338},"26":{"name":"(anonymous_26)","decl":{"start":{"line":343,"column":2},"end":{"line":343,"column":3}},"loc":{"start":{"line":343,"column":37},"end":{"line":351,"column":3}},"line":343},"27":{"name":"(anonymous_27)","decl":{"start":{"line":353,"column":2},"end":{"line":353,"column":3}},"loc":{"start":{"line":353,"column":27},"end":{"line":357,"column":3}},"line":353},"28":{"name":"(anonymous_28)","decl":{"start":{"line":359,"column":2},"end":{"line":359,"column":3}},"loc":{"start":{"line":359,"column":35},"end":{"line":365,"column":3}},"line":359},"29":{"name":"(anonymous_29)","decl":{"start":{"line":367,"column":2},"end":{"line":367,"column":3}},"loc":{"start":{"line":367,"column":31},"end":{"line":370,"column":3}},"line":367},"30":{"name":"(anonymous_30)","decl":{"start":{"line":372,"column":2},"end":{"line":372,"column":3}},"loc":{"start":{"line":372,"column":40},"end":{"line":388,"column":3}},"line":372},"31":{"name":"(anonymous_31)","decl":{"start":{"line":390,"column":2},"end":{"line":390,"column":3}},"loc":{"start":{"line":390,"column":32},"end":{"line":393,"column":3}},"line":390},"32":{"name":"(anonymous_32)","decl":{"start":{"line":395,"column":2},"end":{"line":395,"column":3}},"loc":{"start":{"line":395,"column":29},"end":{"line":401,"column":3}},"line":395},"33":{"name":"(anonymous_33)","decl":{"start":{"line":399,"column":46},"end":{"line":399,"column":47}},"loc":{"start":{"line":399,"column":60},"end":{"line":399,"column":65}},"line":399},"34":{"name":"(anonymous_34)","decl":{"start":{"line":403,"column":2},"end":{"line":403,"column":3}},"loc":{"start":{"line":403,"column":31},"end":{"line":406,"column":3}},"line":403},"35":{"name":"(anonymous_35)","decl":{"start":{"line":408,"column":2},"end":{"line":408,"column":3}},"loc":{"start":{"line":408,"column":26},"end":{"line":411,"column":3}},"line":408},"36":{"name":"(anonymous_36)","decl":{"start":{"line":413,"column":2},"end":{"line":413,"column":3}},"loc":{"start":{"line":413,"column":32},"end":{"line":416,"column":3}},"line":413}},"branchMap":{"0":{"loc":{"start":{"line":19,"column":2},"end":{"line":24,"column":3}},"type":"if","locations":[{"start":{"line":19,"column":2},"end":{"line":24,"column":3}},{"start":{},"end":{}}],"line":19},"1":{"loc":{"start":{"line":21,"column":11},"end":{"line":23,"column":33}},"type":"cond-expr","locations":[{"start":{"line":22,"column":8},"end":{"line":22,"column":25}},{"start":{"line":23,"column":8},"end":{"line":23,"column":33}}],"line":21},"2":{"loc":{"start":{"line":30,"column":15},"end":{"line":30,"column":75}},"type":"binary-expr","locations":[{"start":{"line":30,"column":16},"end":{"line":30,"column":20}},{"start":{"line":30,"column":24},"end":{"line":30,"column":32}},{"start":{"line":30,"column":36},"end":{"line":30,"column":49}},{"start":{"line":30,"column":55},"end":{"line":30,"column":60}},{"start":{"line":30,"column":64},"end":{"line":30,"column":74}}],"line":30},"3":{"loc":{"start":{"line":47,"column":4},"end":{"line":47,"column":24}},"type":"default-arg","locations":[{"start":{"line":47,"column":21},"end":{"line":47,"column":24}}],"line":47},"4":{"loc":{"start":{"line":48,"column":4},"end":{"line":48,"column":13}},"type":"default-arg","locations":[{"start":{"line":48,"column":12},"end":{"line":48,"column":13}}],"line":48},"5":{"loc":{"start":{"line":52,"column":6},"end":{"line":52,"column":72}},"type":"cond-expr","locations":[{"start":{"line":52,"column":48},"end":{"line":52,"column":53}},{"start":{"line":52,"column":56},"end":{"line":52,"column":72}}],"line":52},"6":{"loc":{"start":{"line":54,"column":6},"end":{"line":56,"column":33}},"type":"cond-expr","locations":[{"start":{"line":55,"column":10},"end":{"line":55,"column":14}},{"start":{"line":56,"column":10},"end":{"line":56,"column":33}}],"line":54},"7":{"loc":{"start":{"line":58,"column":17},"end":{"line":58,"column":31}},"type":"binary-expr","locations":[{"start":{"line":58,"column":17},"end":{"line":58,"column":22}},{"start":{"line":58,"column":26},"end":{"line":58,"column":31}}],"line":58},"8":{"loc":{"start":{"line":61,"column":20},"end":{"line":61,"column":34}},"type":"binary-expr","locations":[{"start":{"line":61,"column":20},"end":{"line":61,"column":28}},{"start":{"line":61,"column":32},"end":{"line":61,"column":34}}],"line":61},"9":{"loc":{"start":{"line":64,"column":6},"end":{"line":66,"column":34}},"type":"cond-expr","locations":[{"start":{"line":65,"column":10},"end":{"line":65,"column":14}},{"start":{"line":66,"column":10},"end":{"line":66,"column":34}}],"line":64},"10":{"loc":{"start":{"line":73,"column":4},"end":{"line":75,"column":5}},"type":"if","locations":[{"start":{"line":73,"column":4},"end":{"line":75,"column":5}},{"start":{},"end":{}}],"line":73},"11":{"loc":{"start":{"line":80,"column":4},"end":{"line":148,"column":5}},"type":"if","locations":[{"start":{"line":80,"column":4},"end":{"line":148,"column":5}},{"start":{},"end":{}}],"line":80},"12":{"loc":{"start":{"line":82,"column":36},"end":{"line":86,"column":20}},"type":"cond-expr","locations":[{"start":{"line":83,"column":10},"end":{"line":83,"column":37}},{"start":{"line":84,"column":10},"end":{"line":86,"column":20}}],"line":82},"13":{"loc":{"start":{"line":84,"column":10},"end":{"line":86,"column":20}},"type":"cond-expr","locations":[{"start":{"line":85,"column":10},"end":{"line":85,"column":37}},{"start":{"line":86,"column":10},"end":{"line":86,"column":20}}],"line":84},"14":{"loc":{"start":{"line":91,"column":6},"end":{"line":106,"column":7}},"type":"if","locations":[{"start":{"line":91,"column":6},"end":{"line":106,"column":7}},{"start":{"line":97,"column":13},"end":{"line":106,"column":7}}],"line":91},"15":{"loc":{"start":{"line":93,"column":8},"end":{"line":95,"column":9}},"type":"if","locations":[{"start":{"line":93,"column":8},"end":{"line":95,"column":9}},{"start":{},"end":{}}],"line":93},"16":{"loc":{"start":{"line":108,"column":6},"end":{"line":121,"column":7}},"type":"if","locations":[{"start":{"line":108,"column":6},"end":{"line":121,"column":7}},{"start":{"line":113,"column":13},"end":{"line":121,"column":7}}],"line":108},"17":{"loc":{"start":{"line":123,"column":6},"end":{"line":147,"column":7}},"type":"if","locations":[{"start":{"line":123,"column":6},"end":{"line":147,"column":7}},{"start":{"line":128,"column":13},"end":{"line":147,"column":7}}],"line":123},"18":{"loc":{"start":{"line":128,"column":13},"end":{"line":147,"column":7}},"type":"if","locations":[{"start":{"line":128,"column":13},"end":{"line":147,"column":7}},{"start":{"line":138,"column":13},"end":{"line":147,"column":7}}],"line":128},"19":{"loc":{"start":{"line":138,"column":13},"end":{"line":147,"column":7}},"type":"if","locations":[{"start":{"line":138,"column":13},"end":{"line":147,"column":7}},{"start":{"line":140,"column":13},"end":{"line":147,"column":7}}],"line":138},"20":{"loc":{"start":{"line":140,"column":13},"end":{"line":147,"column":7}},"type":"if","locations":[{"start":{"line":140,"column":13},"end":{"line":147,"column":7}},{"start":{"line":142,"column":13},"end":{"line":147,"column":7}}],"line":140},"21":{"loc":{"start":{"line":142,"column":13},"end":{"line":147,"column":7}},"type":"if","locations":[{"start":{"line":142,"column":13},"end":{"line":147,"column":7}},{"start":{},"end":{}}],"line":142},"22":{"loc":{"start":{"line":144,"column":8},"end":{"line":146,"column":9}},"type":"if","locations":[{"start":{"line":144,"column":8},"end":{"line":146,"column":9}},{"start":{},"end":{}}],"line":144},"23":{"loc":{"start":{"line":159,"column":6},"end":{"line":159,"column":49}},"type":"if","locations":[{"start":{"line":159,"column":6},"end":{"line":159,"column":49}},{"start":{},"end":{}}],"line":159},"24":{"loc":{"start":{"line":160,"column":6},"end":{"line":173,"column":7}},"type":"if","locations":[{"start":{"line":160,"column":6},"end":{"line":173,"column":7}},{"start":{},"end":{}}],"line":160},"25":{"loc":{"start":{"line":161,"column":8},"end":{"line":162,"column":76}},"type":"binary-expr","locations":[{"start":{"line":161,"column":8},"end":{"line":161,"column":46}},{"start":{"line":162,"column":8},"end":{"line":162,"column":76}}],"line":161},"26":{"loc":{"start":{"line":169,"column":8},"end":{"line":172,"column":9}},"type":"if","locations":[{"start":{"line":169,"column":8},"end":{"line":172,"column":9}},{"start":{},"end":{}}],"line":169},"27":{"loc":{"start":{"line":184,"column":6},"end":{"line":186,"column":76}},"type":"binary-expr","locations":[{"start":{"line":184,"column":6},"end":{"line":184,"column":44}},{"start":{"line":185,"column":6},"end":{"line":185,"column":44}},{"start":{"line":186,"column":6},"end":{"line":186,"column":76}}],"line":184},"28":{"loc":{"start":{"line":188,"column":4},"end":{"line":210,"column":5}},"type":"if","locations":[{"start":{"line":188,"column":4},"end":{"line":210,"column":5}},{"start":{"line":197,"column":11},"end":{"line":210,"column":5}}],"line":188},"29":{"loc":{"start":{"line":188,"column":8},"end":{"line":188,"column":64}},"type":"binary-expr","locations":[{"start":{"line":188,"column":8},"end":{"line":188,"column":38}},{"start":{"line":188,"column":42},"end":{"line":188,"column":64}}],"line":188},"30":{"loc":{"start":{"line":194,"column":6},"end":{"line":196,"column":7}},"type":"if","locations":[{"start":{"line":194,"column":6},"end":{"line":196,"column":7}},{"start":{},"end":{}}],"line":194},"31":{"loc":{"start":{"line":197,"column":11},"end":{"line":210,"column":5}},"type":"if","locations":[{"start":{"line":197,"column":11},"end":{"line":210,"column":5}},{"start":{},"end":{}}],"line":197},"32":{"loc":{"start":{"line":199,"column":8},"end":{"line":208,"column":9}},"type":"if","locations":[{"start":{"line":199,"column":8},"end":{"line":208,"column":9}},{"start":{},"end":{}}],"line":199},"33":{"loc":{"start":{"line":199,"column":12},"end":{"line":199,"column":76}},"type":"binary-expr","locations":[{"start":{"line":199,"column":12},"end":{"line":199,"column":46}},{"start":{"line":199,"column":50},"end":{"line":199,"column":76}}],"line":199},"34":{"loc":{"start":{"line":205,"column":10},"end":{"line":207,"column":11}},"type":"if","locations":[{"start":{"line":205,"column":10},"end":{"line":207,"column":11}},{"start":{},"end":{}}],"line":205},"35":{"loc":{"start":{"line":223,"column":6},"end":{"line":223,"column":30}},"type":"binary-expr","locations":[{"start":{"line":223,"column":6},"end":{"line":223,"column":16}},{"start":{"line":223,"column":20},"end":{"line":223,"column":30}}],"line":223},"36":{"loc":{"start":{"line":231,"column":4},"end":{"line":231,"column":21}},"type":"if","locations":[{"start":{"line":231,"column":4},"end":{"line":231,"column":21}},{"start":{},"end":{}}],"line":231},"37":{"loc":{"start":{"line":241,"column":4},"end":{"line":251,"column":5}},"type":"if","locations":[{"start":{"line":241,"column":4},"end":{"line":251,"column":5}},{"start":{},"end":{}}],"line":241},"38":{"loc":{"start":{"line":243,"column":8},"end":{"line":247,"column":9}},"type":"if","locations":[{"start":{"line":243,"column":8},"end":{"line":247,"column":9}},{"start":{"line":245,"column":15},"end":{"line":247,"column":9}}],"line":243},"39":{"loc":{"start":{"line":261,"column":4},"end":{"line":272,"column":5}},"type":"if","locations":[{"start":{"line":261,"column":4},"end":{"line":272,"column":5}},{"start":{},"end":{}}],"line":261},"40":{"loc":{"start":{"line":262,"column":6},"end":{"line":271,"column":7}},"type":"if","locations":[{"start":{"line":262,"column":6},"end":{"line":271,"column":7}},{"start":{},"end":{}}],"line":262},"41":{"loc":{"start":{"line":268,"column":8},"end":{"line":270,"column":9}},"type":"if","locations":[{"start":{"line":268,"column":8},"end":{"line":270,"column":9}},{"start":{},"end":{}}],"line":268},"42":{"loc":{"start":{"line":276,"column":6},"end":{"line":287,"column":7}},"type":"if","locations":[{"start":{"line":276,"column":6},"end":{"line":287,"column":7}},{"start":{},"end":{}}],"line":276},"43":{"loc":{"start":{"line":277,"column":8},"end":{"line":279,"column":70}},"type":"binary-expr","locations":[{"start":{"line":277,"column":8},"end":{"line":277,"column":38}},{"start":{"line":278,"column":8},"end":{"line":278,"column":38}},{"start":{"line":279,"column":8},"end":{"line":279,"column":70}}],"line":277},"44":{"loc":{"start":{"line":286,"column":15},"end":{"line":286,"column":36}},"type":"cond-expr","locations":[{"start":{"line":286,"column":24},"end":{"line":286,"column":30}},{"start":{"line":286,"column":33},"end":{"line":286,"column":36}}],"line":286},"45":{"loc":{"start":{"line":298,"column":4},"end":{"line":298,"column":49}},"type":"if","locations":[{"start":{"line":298,"column":4},"end":{"line":298,"column":49}},{"start":{},"end":{}}],"line":298},"46":{"loc":{"start":{"line":298,"column":8},"end":{"line":298,"column":41}},"type":"binary-expr","locations":[{"start":{"line":298,"column":8},"end":{"line":298,"column":20}},{"start":{"line":298,"column":24},"end":{"line":298,"column":41}}],"line":298},"47":{"loc":{"start":{"line":300,"column":4},"end":{"line":319,"column":5}},"type":"if","locations":[{"start":{"line":300,"column":4},"end":{"line":319,"column":5}},{"start":{"line":303,"column":11},"end":{"line":319,"column":5}}],"line":300},"48":{"loc":{"start":{"line":303,"column":11},"end":{"line":319,"column":5}},"type":"if","locations":[{"start":{"line":303,"column":11},"end":{"line":319,"column":5}},{"start":{},"end":{}}],"line":303},"49":{"loc":{"start":{"line":304,"column":6},"end":{"line":305,"column":45}},"type":"binary-expr","locations":[{"start":{"line":304,"column":6},"end":{"line":304,"column":45}},{"start":{"line":305,"column":6},"end":{"line":305,"column":45}}],"line":304},"50":{"loc":{"start":{"line":309,"column":6},"end":{"line":318,"column":7}},"type":"if","locations":[{"start":{"line":309,"column":6},"end":{"line":318,"column":7}},{"start":{},"end":{}}],"line":309},"51":{"loc":{"start":{"line":315,"column":8},"end":{"line":317,"column":9}},"type":"if","locations":[{"start":{"line":315,"column":8},"end":{"line":317,"column":9}},{"start":{},"end":{}}],"line":315},"52":{"loc":{"start":{"line":362,"column":4},"end":{"line":364,"column":5}},"type":"if","locations":[{"start":{"line":362,"column":4},"end":{"line":364,"column":5}},{"start":{},"end":{}}],"line":362},"53":{"loc":{"start":{"line":384,"column":4},"end":{"line":387,"column":5}},"type":"if","locations":[{"start":{"line":384,"column":4},"end":{"line":387,"column":5}},{"start":{},"end":{}}],"line":384},"54":{"loc":{"start":{"line":384,"column":8},"end":{"line":384,"column":46}},"type":"binary-expr","locations":[{"start":{"line":384,"column":8},"end":{"line":384,"column":21}},{"start":{"line":384,"column":25},"end":{"line":384,"column":46}}],"line":384}},"s":{"0":1,"1":1,"2":0,"3":0,"4":0,"5":15,"6":26,"7":0,"8":0,"9":26,"10":71,"11":71,"12":1,"13":13,"14":13,"15":13,"16":13,"17":13,"18":13,"19":13,"20":13,"21":13,"22":13,"23":13,"24":13,"25":13,"26":125,"27":13,"28":125,"29":23,"30":14,"31":14,"32":14,"33":14,"34":14,"35":3,"36":3,"37":2,"38":3,"39":11,"40":14,"41":12,"42":2,"43":14,"44":1,"45":1,"46":13,"47":0,"48":0,"49":13,"50":0,"51":13,"52":0,"53":13,"54":0,"55":0,"56":0,"57":23,"58":25,"59":25,"60":25,"61":25,"62":25,"63":39,"64":16,"65":23,"66":16,"67":16,"68":16,"69":16,"70":25,"71":11,"72":11,"73":11,"74":11,"75":0,"76":11,"77":0,"78":0,"79":0,"80":11,"81":0,"82":0,"83":0,"84":0,"85":0,"86":13,"87":13,"88":13,"89":13,"90":13,"91":13,"92":13,"93":29,"94":29,"95":0,"96":29,"97":29,"98":29,"99":29,"100":29,"101":13,"102":14,"103":12,"104":2,"105":13,"106":18,"107":18,"108":18,"109":18,"110":18,"111":18,"112":2,"113":0,"114":0,"115":0,"116":18,"117":24,"118":24,"119":5,"120":5,"121":19,"122":16,"123":16,"124":16,"125":16,"126":1,"127":15,"128":2,"129":13,"130":0,"131":0,"132":0,"133":0,"134":0,"135":5,"136":5,"137":6,"138":6,"139":4,"140":4,"141":5,"142":4,"143":2,"144":2,"145":3,"146":3,"147":3,"148":3,"149":3,"150":12,"151":12,"152":12,"153":0,"154":1,"155":1,"156":1,"157":1,"158":1,"159":1,"160":1,"161":1,"162":2,"163":2,"164":1,"165":1,"166":1,"167":1,"168":1,"169":1,"170":1,"171":2,"172":2,"173":1,"174":1},"f":{"0":0,"1":0,"2":15,"3":26,"4":71,"5":13,"6":125,"7":23,"8":25,"9":39,"10":11,"11":0,"12":0,"13":13,"14":13,"15":13,"16":29,"17":14,"18":18,"19":24,"20":16,"21":5,"22":6,"23":4,"24":5,"25":2,"26":3,"27":3,"28":12,"29":1,"30":1,"31":2,"32":1,"33":1,"34":1,"35":2,"36":1},"b":{"0":[0,26],"1":[0,0],"2":[71,71,71,0,0],"3":[13],"4":[13],"5":[0,13],"6":[0,13],"7":[13,12],"8":[13,13],"9":[13,0],"10":[13,112],"11":[14,9],"12":[0,14],"13":[0,14],"14":[3,11],"15":[2,1],"16":[12,2],"17":[1,13],"18":[0,13],"19":[0,13],"20":[0,13],"21":[0,13],"22":[0,0],"23":[16,23],"24":[16,7],"25":[23,16],"26":[16,0],"27":[0,0,0],"28":[0,11],"29":[11,0],"30":[0,0],"31":[0,11],"32":[0,0],"33":[0,0],"34":[0,0],"35":[13,13],"36":[0,29],"37":[13,16],"38":[12,2],"39":[2,16],"40":[0,2],"41":[0,0],"42":[5,19],"43":[24,5,5],"44":[5,0],"45":[1,15],"46":[16,16],"47":[2,13],"48":[0,13],"49":[13,0],"50":[0,0],"51":[0,0],"52":[0,12],"53":[1,0],"54":[1,1]},"_coverageSchema":"1a1c01bbd47fc00a2c39e90264f33305004495a9","hash":"73c965320c4e5fa2453b409e6b24392e6dfc7852"}
,"/Users/chenyuwen/learnings/labs/my-mf-example/scripts/babel-plugins/babel-plugin-import/index.js": {"path":"/Users/chenyuwen/learnings/labs/my-mf-example/scripts/babel-plugins/babel-plugin-import/index.js","statementMap":{"0":{"start":{"line":1,"column":15},"end":{"line":1,"column":32}},"1":{"start":{"line":2,"column":15},"end":{"line":2,"column":34}},"2":{"start":{"line":4,"column":0},"end":{"line":69,"column":2}},"3":{"start":{"line":5,"column":15},"end":{"line":5,"column":19}},"4":{"start":{"line":8,"column":4},"end":{"line":10,"column":5}},"5":{"start":{"line":9,"column":6},"end":{"line":9,"column":55}},"6":{"start":{"line":13,"column":18},"end":{"line":36,"column":3}},"7":{"start":{"line":16,"column":6},"end":{"line":16,"column":65}},"8":{"start":{"line":17,"column":6},"end":{"line":30,"column":8}},"9":{"start":{"line":31,"column":6},"end":{"line":31,"column":53}},"10":{"start":{"line":34,"column":6},"end":{"line":34,"column":52}},"11":{"start":{"line":38,"column":18},"end":{"line":56,"column":3}},"12":{"start":{"line":58,"column":14},"end":{"line":60,"column":3}},"13":{"start":{"line":62,"column":2},"end":{"line":66,"column":3}},"14":{"start":{"line":63,"column":4},"end":{"line":65,"column":6}},"15":{"start":{"line":64,"column":6},"end":{"line":64,"column":52}},"16":{"start":{"line":68,"column":2},"end":{"line":68,"column":13}}},"fnMap":{"0":{"name":"(anonymous_0)","decl":{"start":{"line":4,"column":17},"end":{"line":4,"column":18}},"loc":{"start":{"line":4,"column":38},"end":{"line":69,"column":1}},"line":4},"1":{"name":"applyInstance","decl":{"start":{"line":7,"column":11},"end":{"line":7,"column":24}},"loc":{"start":{"line":7,"column":48},"end":{"line":11,"column":3}},"line":7},"2":{"name":"(anonymous_2)","decl":{"start":{"line":14,"column":4},"end":{"line":14,"column":5}},"loc":{"start":{"line":14,"column":31},"end":{"line":32,"column":5}},"line":14},"3":{"name":"(anonymous_3)","decl":{"start":{"line":33,"column":4},"end":{"line":33,"column":5}},"loc":{"start":{"line":33,"column":11},"end":{"line":35,"column":5}},"line":33},"4":{"name":"(anonymous_4)","decl":{"start":{"line":63,"column":26},"end":{"line":63,"column":27}},"loc":{"start":{"line":63,"column":38},"end":{"line":65,"column":5}},"line":63}},"branchMap":{"0":{"loc":{"start":{"line":8,"column":4},"end":{"line":10,"column":5}},"type":"if","locations":[{"start":{"line":8,"column":4},"end":{"line":10,"column":5}},{"start":{},"end":{}}],"line":8},"1":{"loc":{"start":{"line":14,"column":18},"end":{"line":14,"column":27}},"type":"default-arg","locations":[{"start":{"line":14,"column":25},"end":{"line":14,"column":27}}],"line":14}},"s":{"0":1,"1":1,"2":1,"3":13,"4":133,"5":133,"6":13,"7":13,"8":13,"9":13,"10":13,"11":13,"12":13,"13":13,"14":221,"15":107,"16":13},"f":{"0":13,"1":133,"2":13,"3":13,"4":107},"b":{"0":[133,0],"1":[0]},"_coverageSchema":"1a1c01bbd47fc00a2c39e90264f33305004495a9","hash":"3396cd59a7fed6cde0e1caabbf0cdb054f7083bc"}
}
