TN:
SF:scripts/babel-plugins/babel-plugin-singleton-search.js
FN:12,singletonSearch
FN:21,matching
FN:26,(anonymous_2)
FN:54,getKey
FN:58,prepareFile
FN:72,(anonymous_5)
FN:86,(anonymous_6)
FN:88,(anonymous_7)
FN:98,(anonymous_8)
FNF:9
FNH:9
FNDA:8,singletonSearch
FNDA:6,matching
FNDA:6,(anonymous_2)
FNDA:4,getKey
FNDA:8,prepareFile
FNDA:8,(anonymous_5)
FNDA:7,(anonymous_6)
FNDA:6,(anonymous_7)
FNDA:6,(anonymous_8)
DA:1,1
DA:2,1
DA:3,1
DA:5,1
DA:6,1
DA:8,1
DA:10,1
DA:12,1
DA:13,8
DA:16,8
DA:22,6
DA:23,6
DA:24,6
DA:25,6
DA:26,6
DA:27,6
DA:29,4
DA:30,4
DA:31,4
DA:38,2
DA:43,2
DA:44,1
DA:55,4
DA:59,8
DA:60,8
DA:61,4
DA:62,4
DA:63,4
DA:68,8
DA:73,8
DA:74,8
DA:75,7
DA:76,7
DA:78,8
DA:81,1
DA:87,7
DA:88,6
DA:89,6
DA:93,1
DA:99,6
DA:100,6
DA:101,6
DA:107,1
LF:43
LH:43
BRDA:25,0,0,6
BRDA:25,0,1,0
BRDA:27,1,0,4
BRDA:27,1,1,2
BRDA:30,2,0,4
BRDA:30,2,1,0
BRDA:38,3,0,2
BRDA:38,3,1,0
BRDA:39,4,0,2
BRDA:39,4,1,1
BRDA:43,5,0,1
BRDA:43,5,1,1
BRDA:59,6,0,2
BRDA:59,6,1,6
BRDA:60,7,0,4
BRDA:60,7,1,4
BRDA:62,8,0,4
BRDA:62,8,1,0
BRDA:74,9,0,7
BRDA:74,9,1,1
BRDA:87,10,0,6
BRDA:87,10,1,1
BRF:22
BRH:18
end_of_record
