TN:
SF:scripts/babel-plugins/babel-plugin-singleton-search.js
FN:12,singletonSearch
FN:21,matching
FN:26,(anonymous_2)
FN:51,getKey
FN:55,prepareFile
FN:69,(anonymous_5)
FN:83,(anonymous_6)
FN:85,(anonymous_7)
FN:95,(anonymous_8)
FNF:9
FNH:9
FNDA:8,singletonSearch
FNDA:6,matching
FNDA:6,(anonymous_2)
FNDA:4,getKey
FNDA:8,prepareFile
FNDA:8,(anonymous_5)
FNDA:7,(anonymous_6)
FNDA:6,(anonymous_7)
FNDA:6,(anonymous_8)
DA:1,1
DA:2,1
DA:3,1
DA:5,1
DA:6,1
DA:8,1
DA:10,1
DA:12,1
DA:13,8
DA:16,8
DA:22,6
DA:23,6
DA:24,6
DA:25,6
DA:26,6
DA:27,6
DA:29,4
DA:30,4
DA:31,4
DA:38,2
DA:40,2
DA:41,1
DA:52,4
DA:56,8
DA:57,8
DA:58,4
DA:59,4
DA:60,4
DA:65,8
DA:70,8
DA:71,8
DA:72,7
DA:73,7
DA:75,8
DA:78,1
DA:84,7
DA:85,6
DA:86,6
DA:90,1
DA:96,6
DA:97,6
DA:98,6
DA:101,1
LF:43
LH:43
BRDA:25,0,0,6
BRDA:25,0,1,0
BRDA:27,1,0,4
BRDA:27,1,1,2
BRDA:30,2,0,4
BRDA:30,2,1,0
BRDA:38,3,0,2
BRDA:38,3,1,0
BRDA:38,4,0,2
BRDA:38,4,1,1
BRDA:40,5,0,1
BRDA:40,5,1,1
BRDA:56,6,0,2
BRDA:56,6,1,6
BRDA:57,7,0,4
BRDA:57,7,1,4
BRDA:59,8,0,4
BRDA:59,8,1,0
BRDA:71,9,0,7
BRDA:71,9,1,1
BRDA:84,10,0,6
BRDA:84,10,1,1
BRF:22
BRH:18
end_of_record
TN:
SF:scripts/babel-plugins/babel-plugin-import/Plugin.js
FN:8,transCamel
FN:10,(anonymous_1)
FN:13,winPath
FN:17,normalizeCustomName
FN:29,getFile
FN:35,(anonymous_5)
FN:72,(anonymous_6)
FN:79,(anonymous_7)
FN:153,(anonymous_8)
FN:158,(anonymous_9)
FN:178,(anonymous_10)
FN:183,(anonymous_11)
FN:198,(anonymous_12)
FN:213,(anonymous_13)
FN:221,(anonymous_14)
FN:222,(anonymous_15)
FN:227,(anonymous_16)
FN:242,(anonymous_17)
FN:254,(anonymous_18)
FN:274,(anonymous_19)
FN:292,(anonymous_20)
FN:322,(anonymous_21)
FN:327,(anonymous_22)
FN:332,(anonymous_23)
FN:334,(anonymous_24)
FN:338,(anonymous_25)
FN:343,(anonymous_26)
FN:353,(anonymous_27)
FN:359,(anonymous_28)
FN:367,(anonymous_29)
FN:372,(anonymous_30)
FN:390,(anonymous_31)
FN:395,(anonymous_32)
FN:399,(anonymous_33)
FN:403,(anonymous_34)
FN:408,(anonymous_35)
FN:413,(anonymous_36)
FNF:37
FNH:33
FNDA:0,transCamel
FNDA:0,(anonymous_1)
FNDA:15,winPath
FNDA:26,normalizeCustomName
FNDA:71,getFile
FNDA:13,(anonymous_5)
FNDA:125,(anonymous_6)
FNDA:23,(anonymous_7)
FNDA:25,(anonymous_8)
FNDA:39,(anonymous_9)
FNDA:11,(anonymous_10)
FNDA:0,(anonymous_11)
FNDA:0,(anonymous_12)
FNDA:13,(anonymous_13)
FNDA:13,(anonymous_14)
FNDA:13,(anonymous_15)
FNDA:29,(anonymous_16)
FNDA:14,(anonymous_17)
FNDA:18,(anonymous_18)
FNDA:24,(anonymous_19)
FNDA:16,(anonymous_20)
FNDA:5,(anonymous_21)
FNDA:6,(anonymous_22)
FNDA:4,(anonymous_23)
FNDA:5,(anonymous_24)
FNDA:2,(anonymous_25)
FNDA:3,(anonymous_26)
FNDA:3,(anonymous_27)
FNDA:12,(anonymous_28)
FNDA:1,(anonymous_29)
FNDA:1,(anonymous_30)
FNDA:2,(anonymous_31)
FNDA:1,(anonymous_32)
FNDA:1,(anonymous_33)
FNDA:1,(anonymous_34)
FNDA:2,(anonymous_35)
FNDA:1,(anonymous_36)
DA:1,1
DA:6,1
DA:9,0
DA:10,0
DA:14,15
DA:19,26
DA:20,0
DA:21,0
DA:26,26
DA:30,71
DA:31,71
DA:34,1
DA:50,13
DA:51,13
DA:53,13
DA:57,13
DA:58,13
DA:59,13
DA:60,13
DA:61,13
DA:62,13
DA:63,13
DA:67,13
DA:68,13
DA:69,13
DA:73,125
DA:74,13
DA:76,125
DA:80,23
DA:81,14
DA:82,14
DA:88,14
DA:89,14
DA:91,14
DA:92,3
DA:93,3
DA:94,2
DA:96,3
DA:98,11
DA:108,14
DA:110,12
DA:115,2
DA:123,14
DA:124,1
DA:127,1
DA:128,13
DA:129,0
DA:137,0
DA:138,13
DA:139,0
DA:140,13
DA:141,0
DA:142,13
DA:143,0
DA:144,0
DA:145,0
DA:150,23
DA:154,25
DA:155,25
DA:156,25
DA:157,25
DA:158,25
DA:159,39
DA:160,23
DA:164,16
DA:169,16
DA:170,16
DA:171,16
DA:175,25
DA:179,11
DA:180,11
DA:181,11
DA:183,11
DA:184,0
DA:188,11
DA:189,0
DA:194,0
DA:195,0
DA:197,11
DA:198,0
DA:199,0
DA:200,0
DA:205,0
DA:206,0
DA:214,13
DA:215,13
DA:216,13
DA:217,13
DA:218,13
DA:222,13
DA:223,13
DA:228,29
DA:231,29
DA:233,29
DA:234,29
DA:235,29
DA:236,29
DA:241,29
DA:242,13
DA:243,14
DA:244,12
DA:246,2
DA:250,13
DA:255,18
DA:256,18
DA:257,18
DA:258,18
DA:259,18
DA:261,18
DA:262,2
DA:263,0
DA:268,0
DA:269,0
DA:274,18
DA:275,24
DA:276,24
DA:281,5
DA:286,5
DA:288,19
DA:293,16
DA:294,16
DA:295,16
DA:298,16
DA:300,15
DA:302,2
DA:303,13
DA:307,0
DA:309,0
DA:310,0
DA:315,0
DA:316,0
DA:323,5
DA:324,5
DA:328,6
DA:329,6
DA:333,4
DA:334,5
DA:335,4
DA:339,2
DA:340,2
DA:344,3
DA:345,3
DA:354,3
DA:355,3
DA:356,3
DA:360,12
DA:361,12
DA:362,12
DA:363,0
DA:368,1
DA:369,1
DA:373,1
DA:374,1
DA:380,1
DA:384,1
DA:385,1
DA:386,1
DA:391,2
DA:392,2
DA:396,1
DA:397,1
DA:399,1
DA:400,1
DA:404,1
DA:405,1
DA:409,2
DA:410,2
DA:414,1
DA:415,1
LF:169
LH:140
BRDA:19,0,0,0
BRDA:19,0,1,26
BRDA:21,1,0,0
BRDA:21,1,1,0
BRDA:30,2,0,71
BRDA:30,2,1,71
BRDA:30,2,2,71
BRDA:30,2,3,0
BRDA:30,2,4,0
BRDA:47,3,0,13
BRDA:48,4,0,13
BRDA:52,5,0,0
BRDA:52,5,1,13
BRDA:54,6,0,0
BRDA:54,6,1,13
BRDA:58,7,0,13
BRDA:58,7,1,12
BRDA:61,8,0,13
BRDA:61,8,1,13
BRDA:64,9,0,13
BRDA:64,9,1,0
BRDA:73,10,0,13
BRDA:73,10,1,112
BRDA:80,11,0,14
BRDA:80,11,1,9
BRDA:82,12,0,0
BRDA:82,12,1,14
BRDA:84,13,0,0
BRDA:84,13,1,14
BRDA:91,14,0,3
BRDA:91,14,1,11
BRDA:93,15,0,2
BRDA:93,15,1,1
BRDA:108,16,0,12
BRDA:108,16,1,2
BRDA:123,17,0,1
BRDA:123,17,1,13
BRDA:128,18,0,0
BRDA:128,18,1,13
BRDA:138,19,0,0
BRDA:138,19,1,13
BRDA:140,20,0,0
BRDA:140,20,1,13
BRDA:142,21,0,0
BRDA:142,21,1,13
BRDA:144,22,0,0
BRDA:144,22,1,0
BRDA:159,23,0,16
BRDA:159,23,1,23
BRDA:160,24,0,16
BRDA:160,24,1,7
BRDA:161,25,0,23
BRDA:161,25,1,16
BRDA:169,26,0,16
BRDA:169,26,1,0
BRDA:184,27,0,0
BRDA:184,27,1,0
BRDA:184,27,2,0
BRDA:188,28,0,0
BRDA:188,28,1,11
BRDA:188,29,0,11
BRDA:188,29,1,0
BRDA:194,30,0,0
BRDA:194,30,1,0
BRDA:197,31,0,0
BRDA:197,31,1,11
BRDA:199,32,0,0
BRDA:199,32,1,0
BRDA:199,33,0,0
BRDA:199,33,1,0
BRDA:205,34,0,0
BRDA:205,34,1,0
BRDA:223,35,0,13
BRDA:223,35,1,13
BRDA:231,36,0,0
BRDA:231,36,1,29
BRDA:241,37,0,13
BRDA:241,37,1,16
BRDA:243,38,0,12
BRDA:243,38,1,2
BRDA:261,39,0,2
BRDA:261,39,1,16
BRDA:262,40,0,0
BRDA:262,40,1,2
BRDA:268,41,0,0
BRDA:268,41,1,0
BRDA:276,42,0,5
BRDA:276,42,1,19
BRDA:277,43,0,24
BRDA:277,43,1,5
BRDA:277,43,2,5
BRDA:286,44,0,5
BRDA:286,44,1,0
BRDA:298,45,0,1
BRDA:298,45,1,15
BRDA:298,46,0,16
BRDA:298,46,1,16
BRDA:300,47,0,2
BRDA:300,47,1,13
BRDA:303,48,0,0
BRDA:303,48,1,13
BRDA:304,49,0,13
BRDA:304,49,1,0
BRDA:309,50,0,0
BRDA:309,50,1,0
BRDA:315,51,0,0
BRDA:315,51,1,0
BRDA:362,52,0,0
BRDA:362,52,1,12
BRDA:384,53,0,1
BRDA:384,53,1,0
BRDA:384,54,0,1
BRDA:384,54,1,1
BRF:113
BRH:69
end_of_record
TN:
SF:scripts/babel-plugins/babel-plugin-import/index.js
FN:4,(anonymous_0)
FN:7,applyInstance
FN:14,(anonymous_2)
FN:33,(anonymous_3)
FN:63,(anonymous_4)
FNF:5
FNH:5
FNDA:13,(anonymous_0)
FNDA:133,applyInstance
FNDA:13,(anonymous_2)
FNDA:13,(anonymous_3)
FNDA:107,(anonymous_4)
DA:1,1
DA:2,1
DA:4,1
DA:5,13
DA:8,133
DA:9,133
DA:13,13
DA:16,13
DA:17,13
DA:31,13
DA:34,13
DA:38,13
DA:58,13
DA:62,13
DA:63,221
DA:64,107
DA:68,13
LF:17
LH:17
BRDA:8,0,0,133
BRDA:8,0,1,0
BRDA:14,1,0,0
BRF:3
BRH:1
end_of_record
